<?xml version="1.0" encoding="UTF-8"?>
<!-- Generated by org.testng.reporters.JUnitReportReporter -->
<testsuite hostname="LAPTOP-3U3SCVT2" failures="0" tests="1" name="com.phptravels.adminscripts.InvoiceSuccessTest" time="25.338" errors="0" timestamp="2023-02-13T14:56:04 IST" skipped="0">
  <testcase classname="com.phptravels.adminscripts.InvoiceSuccessTest" name="bookInvoice" time="25.338"/>
  <system-out/>
</testsuite> <!-- com.phptravels.adminscripts.InvoiceSuccessTest -->
