<?xml version="1.0" encoding="UTF-8"?>
<!-- Generated by org.testng.reporters.JUnitReportReporter -->
<testsuite hostname="LAPTOP-3U3SCVT2" failures="0" tests="1" name="com.phptravels.supplierscripts.LeftSideLinkTest" time="13.139" errors="0" timestamp="2023-02-11T01:48:43 IST" skipped="0">
  <testcase classname="com.phptravels.supplierscripts.LeftSideLinkTest" name="leftSideLink" time="13.139"/>
  <system-out/>
</testsuite> <!-- com.phptravels.supplierscripts.LeftSideLinkTest -->
