<?xml version="1.0" encoding="UTF-8"?>
<!-- Generated by org.testng.reporters.JUnitReportReporter -->
<testsuite hostname="LAPTOP-3U3SCVT2" failures="0" tests="5" name="com.phptravels.customerscripts.LoginTest" time="25.040" errors="0" timestamp="2023-02-11T01:43:14 IST" skipped="0">
  <testcase classname="com.phptravels.customerscripts.LoginTest" name="verifyInvalidLogin2" time="2.126"/>
  <system-out/>
  <testcase classname="com.phptravels.customerscripts.LoginTest" name="verifyInvalidLogin2" time="4.526"/>
  <system-out/>
  <testcase classname="com.phptravels.customerscripts.LoginTest" name="verifyInvalidLogin2" time="2.034"/>
  <system-out/>
  <testcase classname="com.phptravels.customerscripts.LoginTest" name="verifyInvalidLogin2" time="5.801"/>
  <system-out/>
  <testcase classname="com.phptravels.customerscripts.LoginTest" name="verifyValidLogin" time="10.553"/>
  <system-out/>
</testsuite> <!-- com.phptravels.customerscripts.LoginTest -->
