<?xml version="1.0" encoding="UTF-8"?>
<!-- Generated by org.testng.reporters.JUnitReportReporter -->
<testsuite hostname="LAPTOP-3U3SCVT2" failures="0" tests="1" name="com.phptravels.adminscripts.LogoutTest" time="40.037" errors="0" timestamp="2023-02-14T13:26:34 IST" skipped="0">
  <testcase classname="com.phptravels.adminscripts.LogoutTest" name="logout" time="40.037"/>
  <system-out/>
</testsuite> <!-- com.phptravels.adminscripts.LogoutTest -->
