<?xml version="1.0" encoding="UTF-8"?>
<!-- Generated by org.testng.reporters.JUnitReportReporter -->
<testsuite hostname="LAPTOP-3U3SCVT2" failures="0" tests="1" name="com.phptravels.customerscripts.SideLinksTest" time="48.280" errors="0" timestamp="2023-02-01T14:45:39 IST" skipped="0">
  <testcase classname="com.phptravels.customerscripts.SideLinksTest" name="sidelink" time="48.280"/>
  <system-out/>
</testsuite> <!-- com.phptravels.customerscripts.SideLinksTest -->
