<?xml version="1.0" encoding="UTF-8"?>
<!-- Generated by org.testng.reporters.JUnitReportReporter -->
<testsuite hostname="LAPTOP-3U3SCVT2" failures="0" tests="1" name="com.phptravels.customerscripts.UpdateAddressTest" time="21.388" errors="0" timestamp="2023-02-11T03:03:06 IST" skipped="0">
  <testcase classname="com.phptravels.customerscripts.UpdateAddressTest" name="updateAddress" time="21.388"/>
  <system-out/>
</testsuite> <!-- com.phptravels.customerscripts.UpdateAddressTest -->
