<?xml version="1.0" encoding="UTF-8"?>
<!-- Generated by org.testng.reporters.JUnitReportReporter -->
<testsuite hostname="LAPTOP-3U3SCVT2" failures="0" tests="1" name="com.phptravels.customerscripts.LeftSideLinksTest" time="15.971" errors="0" timestamp="2023-02-11T01:43:14 IST" skipped="0">
  <testcase classname="com.phptravels.customerscripts.LeftSideLinksTest" name="sidelink" time="15.971"/>
  <system-out/>
</testsuite> <!-- com.phptravels.customerscripts.LeftSideLinksTest -->
