<?xml version="1.0" encoding="UTF-8"?>
<!-- Generated by org.testng.reporters.JUnitReportReporter -->
<testsuite hostname="LAPTOP-3U3SCVT2" failures="0" tests="1" name="com.phptravels.adminscripts.BookPendConfirmTest" time="20.896" errors="0" timestamp="2023-02-13T15:05:11 IST" skipped="0">
  <testcase classname="com.phptravels.adminscripts.BookPendConfirmTest" name="dashboard" time="20.896"/>
  <system-out/>
</testsuite> <!-- com.phptravels.adminscripts.BookPendConfirmTest -->
