<?xml version="1.0" encoding="UTF-8"?>
<!-- Generated by org.testng.reporters.JUnitReportReporter -->
<testsuite hostname="LAPTOP-3U3SCVT2" failures="0" tests="5" name="com.phptravels.supplierscripts.SupplierLoginTest" time="24.458" errors="0" timestamp="2023-02-14T13:03:05 IST" skipped="0">
  <testcase classname="com.phptravels.supplierscripts.SupplierLoginTest" name="verifyInvalidLogin2" time="3.417"/>
  <system-out/>
  <testcase classname="com.phptravels.supplierscripts.SupplierLoginTest" name="verifyInvalidLogin2" time="3.399"/>
  <system-out/>
  <testcase classname="com.phptravels.supplierscripts.SupplierLoginTest" name="verifyInvalidLogin2" time="3.264"/>
  <system-out/>
  <testcase classname="com.phptravels.supplierscripts.SupplierLoginTest" name="verifyInvalidLogin2" time="5.068"/>
  <system-out/>
  <testcase classname="com.phptravels.supplierscripts.SupplierLoginTest" name="verifyValidLogin" time="9.310"/>
  <system-out/>
</testsuite> <!-- com.phptravels.supplierscripts.SupplierLoginTest -->
