<?xml version="1.0" encoding="UTF-8"?>
<!-- Generated by org.testng.reporters.JUnitReportReporter -->
<testsuite hostname="LAPTOP-3U3SCVT2" failures="0" tests="1" name="com.phptravels.customercripts.Bookings_testar" time="13.678" errors="0" timestamp="2023-02-05T19:21:41 IST" skipped="0">
  <testcase classname="com.phptravels.customercripts.Bookings_testar" name="verifyBookings" time="13.678"/>
  <system-out/>
</testsuite> <!-- com.phptravels.customercripts.Bookings_testar -->
