<?xml version="1.0" encoding="UTF-8"?>
<!-- Generated by org.testng.reporters.JUnitReportReporter -->
<testsuite hostname="LAPTOP-3U3SCVT2" failures="0" tests="5" name="com.phptravels.adminscripts.AdminLoginTest" time="40.191" errors="0" timestamp="2023-02-11T04:35:46 IST" skipped="0">
  <testcase classname="com.phptravels.adminscripts.AdminLoginTest" name="verifyInvalidLogin2" time="4.714"/>
  <system-out/>
  <testcase classname="com.phptravels.adminscripts.AdminLoginTest" name="verifyInvalidLogin2" time="6.360"/>
  <system-out/>
  <testcase classname="com.phptravels.adminscripts.AdminLoginTest" name="verifyInvalidLogin2" time="7.179"/>
  <system-out/>
  <testcase classname="com.phptravels.adminscripts.AdminLoginTest" name="verifyInvalidLogin2" time="4.998"/>
  <system-out/>
  <testcase classname="com.phptravels.adminscripts.AdminLoginTest" name="verifyValidLogin" time="16.940"/>
  <system-out/>
</testsuite> <!-- com.phptravels.adminscripts.AdminLoginTest -->
