<?xml version="1.0" encoding="UTF-8"?>
<!-- Generated by org.testng.reporters.JUnitReportReporter -->
<testsuite hostname="LAPTOP-3U3SCVT2" failures="0" tests="2" name="com.phptravels.adminscripts.AdminLoginTest2" time="17.674" errors="0" timestamp="2023-02-07T01:12:50 IST" skipped="0">
  <testcase classname="com.phptravels.adminscripts.AdminLoginTest2" name="verifyInvalidLogin" time="7.383"/>
  <system-out/>
  <testcase classname="com.phptravels.adminscripts.AdminLoginTest2" name="verifyValidLogin" time="10.291"/>
  <system-out/>
</testsuite> <!-- com.phptravels.adminscripts.AdminLoginTest2 -->
