<?xml version="1.0" encoding="UTF-8"?>
<!-- Generated by org.testng.reporters.JUnitReportReporter -->
<testsuite hostname="LAPTOP-3U3SCVT2" failures="0" tests="1" name="com.phptravels.customerscripts.PayNowPayPalTest" time="14.145" errors="0" timestamp="2023-01-31T00:30:13 IST" skipped="0">
  <testcase classname="com.phptravels.customerscripts.PayNowPayPalTest" name="paynowpaypal" time="14.145"/>
  <system-out/>
</testsuite> <!-- com.phptravels.customerscripts.PayNowPayPalTest -->
