<?xml version="1.0" encoding="UTF-8"?>
<!-- Generated by org.testng.reporters.JUnitReportReporter -->
<testsuite hostname="LAPTOP-3U3SCVT2" failures="0" tests="1" name="com.phptravels.agentscripts.SearchHotelTest" time="21.194" errors="0" timestamp="2023-02-11T01:43:14 IST" skipped="0">
  <testcase classname="com.phptravels.agentscripts.SearchHotelTest" name="searchHotel" time="21.194"/>
  <system-out/>
</testsuite> <!-- com.phptravels.agentscripts.SearchHotelTest -->
