<?xml version="1.0" encoding="UTF-8"?>
<!-- Generated by org.testng.reporters.JUnitReportReporter -->
<testsuite hostname="LAPTOP-3U3SCVT2" failures="0" tests="1" name="com.phptravels.supplierscripts.BookPendConfirmTest" time="37.301" errors="0" timestamp="2023-02-13T00:06:17 IST" skipped="0">
  <testcase classname="com.phptravels.supplierscripts.BookPendConfirmTest" name="dashboard" time="37.301"/>
  <system-out/>
</testsuite> <!-- com.phptravels.supplierscripts.BookPendConfirmTest -->
