<?xml version="1.0" encoding="UTF-8"?>
<!-- Generated by org.testng.reporters.JUnitReportReporter -->
<testsuite hostname="LAPTOP-3U3SCVT2" failures="0" tests="1" name="com.phptravels.adminscripts.BookCancelDeleteTest" time="30.467" errors="0" timestamp="2023-02-18T02:30:00 IST" skipped="0">
  <testcase classname="com.phptravels.adminscripts.BookCancelDeleteTest" name="bookCancelDelete" time="30.467"/>
  <system-out/>
</testsuite> <!-- com.phptravels.adminscripts.BookCancelDeleteTest -->
