<?xml version="1.0" encoding="UTF-8"?>
<!-- Generated by org.testng.reporters.JUnitReportReporter -->
<testsuite hostname="LAPTOP-3U3SCVT2" failures="0" tests="1" name="com.phptravels.agentscripts.NavLinksTest" time="35.278" errors="0" timestamp="2023-02-11T04:29:35 IST" skipped="0">
  <testcase classname="com.phptravels.agentscripts.NavLinksTest" name="navlinks" time="35.278"/>
  <system-out/>
</testsuite> <!-- com.phptravels.agentscripts.NavLinksTest -->
