<?xml version="1.0" encoding="UTF-8"?>
<!-- Generated by org.testng.reporters.JUnitReportReporter -->
<testsuite hostname="LAPTOP-3U3SCVT2" failures="0" tests="5" name="com.phptravels.agentscripts.AgentLoginTest" time="18.717" errors="0" timestamp="2023-02-11T01:43:14 IST" skipped="0">
  <testcase classname="com.phptravels.agentscripts.AgentLoginTest" name="verifyInvalidLogin2" time="4.501"/>
  <system-out/>
  <testcase classname="com.phptravels.agentscripts.AgentLoginTest" name="verifyInvalidLogin2" time="1.533"/>
  <system-out/>
  <testcase classname="com.phptravels.agentscripts.AgentLoginTest" name="verifyInvalidLogin2" time="2.022"/>
  <system-out/>
  <testcase classname="com.phptravels.agentscripts.AgentLoginTest" name="verifyInvalidLogin2" time="1.483"/>
  <system-out/>
  <testcase classname="com.phptravels.agentscripts.AgentLoginTest" name="verifyValidLogin" time="9.178"/>
  <system-out/>
</testsuite> <!-- com.phptravels.agentscripts.AgentLoginTest -->
