<?xml version="1.0" encoding="UTF-8"?>
<!-- Generated by org.testng.reporters.JUnitReportReporter -->
<testsuite hostname="LAPTOP-3U3SCVT2" failures="0" tests="1" name="com.phptravels.adminscripts.LogoutTest" time="20.646" errors="0" timestamp="2023-02-15T15:47:47 IST" skipped="0">
  <testcase classname="com.phptravels.adminscripts.LogoutTest" name="logout" time="20.646"/>
  <system-out/>
</testsuite> <!-- com.phptravels.adminscripts.LogoutTest -->
