<?xml version="1.0" encoding="UTF-8"?>
<!-- Generated by org.testng.reporters.JUnitReportReporter -->
<testsuite hostname="LAPTOP-3U3SCVT2" failures="0" tests="1" name="com.phptravels.adminscripts.WebsiteLinkTest" time="171.818" errors="0" timestamp="2023-02-13T00:58:06 IST" skipped="0">
  <testcase classname="com.phptravels.adminscripts.WebsiteLinkTest" name="websiteLink" time="171.818"/>
  <system-out/>
</testsuite> <!-- com.phptravels.adminscripts.WebsiteLinkTest -->
