<?xml version="1.0" encoding="UTF-8"?>
<!-- Generated by org.testng.reporters.JUnitReportReporter -->
<testsuite hostname="LAPTOP-3U3SCVT2" failures="0" tests="1" name="com.phptravels.supplierscripts.RevenueBreakdownDisplayTest" time="7.501" errors="0" timestamp="2023-02-14T13:03:05 IST" skipped="0">
  <testcase classname="com.phptravels.supplierscripts.RevenueBreakdownDisplayTest" name="revBkDwnDisplay" time="7.501"/>
  <system-out/>
</testsuite> <!-- com.phptravels.supplierscripts.RevenueBreakdownDisplayTest -->
