<?xml version="1.0" encoding="UTF-8"?>
<!-- Generated by org.testng.reporters.JUnitReportReporter -->
<testsuite hostname="LAPTOP-3U3SCVT2" failures="0" tests="1" name="com.phptravels.supplierscripts.SupplierLogoutTest" time="7.936" errors="0" timestamp="2023-02-14T13:03:05 IST" skipped="0">
  <testcase classname="com.phptravels.supplierscripts.SupplierLogoutTest" name="logout" time="7.936"/>
  <system-out/>
</testsuite> <!-- com.phptravels.supplierscripts.SupplierLogoutTest -->
