<?xml version="1.0" encoding="UTF-8"?>
<!-- Generated by org.testng.reporters.JUnitReportReporter -->
<testsuite hostname="LAPTOP-3U3SCVT2" failures="0" tests="1" name="com.phptravels.customercripts.Bookings_test" time="15.264" errors="0" timestamp="2023-02-05T19:20:55 IST" skipped="0">
  <testcase classname="com.phptravels.customercripts.Bookings_test" name="verifyBookings" time="15.264"/>
  <system-out/>
</testsuite> <!-- com.phptravels.customercripts.Bookings_test -->
